2015/02/17 19:42:23 netflixoss: scaling to 100%
2015/02/17 19:42:23 eureka: starting
2015/02/17 19:42:23 : gotocol: 2.793967ms Hello global-api
2015/02/17 19:42:23 global-api: gotocol: 14.657us Inform 
2015/02/17 19:42:23 : gotocol: 19.881us Hello elb0
2015/02/17 19:42:23 eureka(backlog 0): gotocol: 20.553us Hello global-api denominator
2015/02/17 19:42:23 elb0: gotocol: 4.6us Inform 
2015/02/17 19:42:23 global-api: gotocol: 9.514us NameDrop elb0
2015/02/17 19:42:23 : gotocol: 12.461us Hello zuul0
2015/02/17 19:42:23 eureka(backlog 1): gotocol: 13.989us Hello elb0 elb
2015/02/17 19:42:23 eureka(backlog 0): gotocol: 15.283us Inform global-api elb0
2015/02/17 19:42:23 zuul0: gotocol: 1.093us Put zone zone0
2015/02/17 19:42:23 zuul0: gotocol: 6.742us Inform 
2015/02/17 19:42:23 eureka(backlog 0): gotocol: 8.412us Hello zuul0 zuul
2015/02/17 19:42:23 elb0: gotocol: 14.147us NameDrop zuul0
2015/02/17 19:42:23 : gotocol: 13.039us Hello zuul1
2015/02/17 19:42:23 eureka(backlog 0): gotocol: 8.383us Inform elb0 zuul0
2015/02/17 19:42:23 zuul1: gotocol: 909ns Put zone zone1
2015/02/17 19:42:23 zuul1: gotocol: 6.42us Inform 
2015/02/17 19:42:23 eureka(backlog 0): gotocol: 4.224us Hello zuul1 zuul
2015/02/17 19:42:23 elb0: gotocol: 9.702us NameDrop zuul1
2015/02/17 19:42:23 : gotocol: 12us Hello zuul2
2015/02/17 19:42:23 eureka(backlog 0): gotocol: 7.932us Inform elb0 zuul1
2015/02/17 19:42:23 zuul2: gotocol: 935ns Put zone zone2
2015/02/17 19:42:23 zuul2: gotocol: 6.303us Inform 
2015/02/17 19:42:23 eureka(backlog 0): gotocol: 3.874us Hello zuul2 zuul
2015/02/17 19:42:23 elb0: gotocol: 9.183us NameDrop zuul2
2015/02/17 19:42:23 : gotocol: 11.774us Hello zuul3
2015/02/17 19:42:23 eureka(backlog 0): gotocol: 7.921us Inform elb0 zuul2
2015/02/17 19:42:23 zuul3: gotocol: 853ns Put zone zone0
2015/02/17 19:42:23 zuul3: gotocol: 6.164us Inform 
2015/02/17 19:42:23 eureka(backlog 0): gotocol: 3.734us Hello zuul3 zuul
2015/02/17 19:42:23 elb0: gotocol: 9.032us NameDrop zuul3
2015/02/17 19:42:23 : gotocol: 20.677us Hello zuul4
2015/02/17 19:42:23 eureka(backlog 0): gotocol: 17.447us Inform elb0 zuul3
2015/02/17 19:42:23 zuul4: gotocol: 860ns Put zone zone1
2015/02/17 19:42:23 zuul4: gotocol: 6.215us Inform 
2015/02/17 19:42:23 eureka(backlog 0): gotocol: 3.655us Hello zuul4 zuul
2015/02/17 19:42:23 elb0: gotocol: 8.975us NameDrop zuul4
2015/02/17 19:42:23 : gotocol: 11.665us Hello zuul5
2015/02/17 19:42:23 eureka(backlog 0): gotocol: 7.859us Inform elb0 zuul4
2015/02/17 19:42:23 zuul5: gotocol: 847ns Put zone zone2
2015/02/17 19:42:23 zuul5: gotocol: 6.15us Inform 
2015/02/17 19:42:23 eureka(backlog 0): gotocol: 13.317us Hello zuul5 zuul
2015/02/17 19:42:23 elb0: gotocol: 10.168us NameDrop zuul5
2015/02/17 19:42:23 : gotocol: 12.874us Hello zuul6
2015/02/17 19:42:23 eureka(backlog 0): gotocol: 7.985us Inform elb0 zuul5
2015/02/17 19:42:23 zuul6: gotocol: 930ns Put zone zone0
2015/02/17 19:42:23 zuul6: gotocol: 6.251us Inform 
2015/02/17 19:42:23 eureka(backlog 0): gotocol: 3.882us Hello zuul6 zuul
2015/02/17 19:42:23 elb0: gotocol: 11.668us NameDrop zuul6
2015/02/17 19:42:23 : gotocol: 14.283us Hello zuul7
2015/02/17 19:42:23 eureka(backlog 0): gotocol: 7.73us Inform elb0 zuul6
2015/02/17 19:42:23 zuul7: gotocol: 909ns Put zone zone1
2015/02/17 19:42:23 zuul7: gotocol: 6.192us Inform 
2015/02/17 19:42:23 eureka(backlog 0): gotocol: 14.094us Hello zuul7 zuul
2015/02/17 19:42:23 elb0: gotocol: 20.515us NameDrop zuul7
2015/02/17 19:42:23 : gotocol: 24.043us Hello zuul8
2015/02/17 19:42:23 eureka(backlog 0): gotocol: 9.198us Inform elb0 zuul7
2015/02/17 19:42:23 zuul8: gotocol: 1.056us Put zone zone2
2015/02/17 19:42:23 zuul8: gotocol: 22.507us Inform 
2015/02/17 19:42:23 eureka(backlog 0): gotocol: 4.558us Hello zuul8 zuul
2015/02/17 19:42:23 elb0: gotocol: 9.865us NameDrop zuul8
2015/02/17 19:42:23 : gotocol: 12.525us Hello karyon0
2015/02/17 19:42:23 eureka(backlog 0): gotocol: 8.303us Inform elb0 zuul8
2015/02/17 19:42:23 karyon0: gotocol: 1.056us Put zone zone0
2015/02/17 19:42:23 karyon0: gotocol: 6.7us Inform 
2015/02/17 19:42:23 eureka(backlog 0): gotocol: 5.329us Hello karyon0 karyon
2015/02/17 19:42:23 zuul0: gotocol: 26.649us NameDrop karyon0
2015/02/17 19:42:23 zuul3: gotocol: 31.536us NameDrop karyon0
2015/02/17 19:42:23 zuul6: gotocol: 35.521us NameDrop karyon0
2015/02/17 19:42:23 : gotocol: 38.241us Hello karyon1
2015/02/17 19:42:23 eureka(backlog 2): gotocol: 17.328us Inform zuul0 karyon0
2015/02/17 19:42:23 eureka(backlog 1): gotocol: 16.434us Inform zuul3 karyon0
2015/02/17 19:42:23 eureka(backlog 0): gotocol: 15.841us Inform zuul6 karyon0
2015/02/17 19:42:23 karyon1: gotocol: 935ns Put zone zone1
2015/02/17 19:42:23 karyon1: gotocol: 15.303us Inform 
2015/02/17 19:42:23 eureka(backlog 0): gotocol: 5.371us Hello karyon1 karyon
2015/02/17 19:42:23 zuul1: gotocol: 10.605us NameDrop karyon1
2015/02/17 19:42:23 zuul4: gotocol: 14.47us NameDrop karyon1
2015/02/17 19:42:23 zuul7: gotocol: 18.183us NameDrop karyon1
2015/02/17 19:42:23 : gotocol: 20.515us Hello karyon2
2015/02/17 19:42:23 eureka(backlog 2): gotocol: 16.251us Inform zuul1 karyon1
2015/02/17 19:42:23 eureka(backlog 1): gotocol: 15.735us Inform zuul4 karyon1
2015/02/17 19:42:23 eureka(backlog 0): gotocol: 15.332us Inform zuul7 karyon1
2015/02/17 19:42:23 karyon2: gotocol: 890ns Put zone zone2
2015/02/17 19:42:23 karyon2: gotocol: 6.15us Inform 
2015/02/17 19:42:23 eureka(backlog 0): gotocol: 4.951us Hello karyon2 karyon
2015/02/17 19:42:23 zuul2: gotocol: 11.976us NameDrop karyon2
2015/02/17 19:42:23 zuul5: gotocol: 16.21us NameDrop karyon2
2015/02/17 19:42:23 zuul8: gotocol: 20.011us NameDrop karyon2
2015/02/17 19:42:23 : gotocol: 29.383us Hello karyon3
2015/02/17 19:42:23 eureka(backlog 2): gotocol: 23.644us Inform zuul2 karyon2
2015/02/17 19:42:23 eureka(backlog 1): gotocol: 22.765us Inform zuul5 karyon2
2015/02/17 19:42:23 eureka(backlog 0): gotocol: 22.305us Inform zuul8 karyon2
2015/02/17 19:42:23 karyon3: gotocol: 891ns Put zone zone0
2015/02/17 19:42:23 karyon3: gotocol: 6.309us Inform 
2015/02/17 19:42:23 eureka(backlog 0): gotocol: 4.972us Hello karyon3 karyon
2015/02/17 19:42:23 zuul0: gotocol: 10.107us NameDrop karyon3
2015/02/17 19:42:23 zuul3: gotocol: 13.783us NameDrop karyon3
2015/02/17 19:42:23 zuul6: gotocol: 17.416us NameDrop karyon3
2015/02/17 19:42:23 : gotocol: 19.819us Hello karyon4
2015/02/17 19:42:23 eureka(backlog 2): gotocol: 15.864us Inform zuul0 karyon3
2015/02/17 19:42:23 eureka(backlog 1): gotocol: 15.372us Inform zuul3 karyon3
2015/02/17 19:42:23 eureka(backlog 0): gotocol: 14.982us Inform zuul6 karyon3
2015/02/17 19:42:23 karyon4: gotocol: 873ns Put zone zone1
2015/02/17 19:42:23 karyon4: gotocol: 6.085us Inform 
2015/02/17 19:42:23 eureka(backlog 0): gotocol: 5.008us Hello karyon4 karyon
2015/02/17 19:42:23 zuul1: gotocol: 10.124us NameDrop karyon4
2015/02/17 19:42:23 zuul4: gotocol: 13.907us NameDrop karyon4
2015/02/17 19:42:23 zuul7: gotocol: 17.56us NameDrop karyon4
2015/02/17 19:42:23 : gotocol: 19.92us Hello karyon5
2015/02/17 19:42:23 eureka(backlog 2): gotocol: 15.703us Inform zuul1 karyon4
2015/02/17 19:42:23 eureka(backlog 1): gotocol: 15.273us Inform zuul4 karyon4
2015/02/17 19:42:23 eureka(backlog 0): gotocol: 14.754us Inform zuul7 karyon4
2015/02/17 19:42:23 karyon5: gotocol: 843ns Put zone zone2
2015/02/17 19:42:23 karyon5: gotocol: 6.102us Inform 
2015/02/17 19:42:23 eureka(backlog 0): gotocol: 13.014us Hello karyon5 karyon
2015/02/17 19:42:23 zuul2: gotocol: 19.129us NameDrop karyon5
2015/02/17 19:42:23 zuul5: gotocol: 23.043us NameDrop karyon5
2015/02/17 19:42:23 zuul8: gotocol: 26.707us NameDrop karyon5
2015/02/17 19:42:23 : gotocol: 21.274us Hello karyon6
2015/02/17 19:42:23 eureka(backlog 2): gotocol: 14.246us Inform zuul2 karyon5
2015/02/17 19:42:23 eureka(backlog 1): gotocol: 13.592us Inform zuul5 karyon5
2015/02/17 19:42:23 eureka(backlog 0): gotocol: 13.073us Inform zuul8 karyon5
2015/02/17 19:42:23 karyon6: gotocol: 809ns Put zone zone0
2015/02/17 19:42:23 karyon6: gotocol: 6.014us Inform 
2015/02/17 19:42:23 eureka(backlog 0): gotocol: 5.218us Hello karyon6 karyon
2015/02/17 19:42:23 zuul0: gotocol: 10.367us NameDrop karyon6
2015/02/17 19:42:23 zuul3: gotocol: 14.076us NameDrop karyon6
2015/02/17 19:42:23 zuul6: gotocol: 22.514us NameDrop karyon6
2015/02/17 19:42:23 : gotocol: 24.823us Hello karyon7
2015/02/17 19:42:23 eureka(backlog 2): gotocol: 21.433us Inform zuul0 karyon6
2015/02/17 19:42:23 eureka(backlog 1): gotocol: 16.454us Inform zuul3 karyon6
2015/02/17 19:42:23 eureka(backlog 0): gotocol: 15.467us Inform zuul6 karyon6
2015/02/17 19:42:23 karyon7: gotocol: 883ns Put zone zone1
2015/02/17 19:42:23 karyon7: gotocol: 6.349us Inform 
2015/02/17 19:42:23 eureka(backlog 0): gotocol: 5.279us Hello karyon7 karyon
2015/02/17 19:42:23 zuul1: gotocol: 10.4us NameDrop karyon7
2015/02/17 19:42:23 zuul4: gotocol: 14.297us NameDrop karyon7
2015/02/17 19:42:23 zuul7: gotocol: 24.451us NameDrop karyon7
2015/02/17 19:42:23 : gotocol: 26.674us Hello karyon8
2015/02/17 19:42:23 eureka(backlog 2): gotocol: 22.867us Inform zuul1 karyon7
2015/02/17 19:42:23 eureka(backlog 1): gotocol: 16.058us Inform zuul4 karyon7
2015/02/17 19:42:23 eureka(backlog 0): gotocol: 15.294us Inform zuul7 karyon7
2015/02/17 19:42:23 karyon8: gotocol: 860ns Put zone zone2
2015/02/17 19:42:23 karyon8: gotocol: 6.205us Inform 
2015/02/17 19:42:23 eureka(backlog 0): gotocol: 5.172us Hello karyon8 karyon
2015/02/17 19:42:23 zuul2: gotocol: 10.245us NameDrop karyon8
2015/02/17 19:42:23 zuul5: gotocol: 13.951us NameDrop karyon8
2015/02/17 19:42:23 zuul8: gotocol: 17.537us NameDrop karyon8
2015/02/17 19:42:23 : gotocol: 19.808us Hello karyon9
2015/02/17 19:42:23 eureka(backlog 2): gotocol: 15.926us Inform zuul2 karyon8
2015/02/17 19:42:23 eureka(backlog 1): gotocol: 15.424us Inform zuul5 karyon8
2015/02/17 19:42:23 eureka(backlog 0): gotocol: 14.926us Inform zuul8 karyon8
2015/02/17 19:42:23 karyon9: gotocol: 823ns Put zone zone0
2015/02/17 19:42:23 karyon9: gotocol: 6.08us Inform 
2015/02/17 19:42:23 eureka(backlog 0): gotocol: 4.971us Hello karyon9 karyon
2015/02/17 19:42:23 zuul0: gotocol: 10.326us NameDrop karyon9
2015/02/17 19:42:23 zuul3: gotocol: 14.078us NameDrop karyon9
2015/02/17 19:42:23 zuul6: gotocol: 17.765us NameDrop karyon9
2015/02/17 19:42:23 : gotocol: 20.087us Hello karyon10
2015/02/17 19:42:23 eureka(backlog 2): gotocol: 22.093us Inform zuul0 karyon9
2015/02/17 19:42:23 eureka(backlog 1): gotocol: 21.989us Inform zuul3 karyon9
2015/02/17 19:42:23 eureka(backlog 0): gotocol: 21.551us Inform zuul6 karyon9
2015/02/17 19:42:23 karyon10: gotocol: 876ns Put zone zone1
2015/02/17 19:42:23 karyon10: gotocol: 6.233us Inform 
2015/02/17 19:42:23 eureka(backlog 0): gotocol: 5.178us Hello karyon10 karyon
2015/02/17 19:42:23 zuul1: gotocol: 10.312us NameDrop karyon10
2015/02/17 19:42:23 zuul4: gotocol: 13.965us NameDrop karyon10
2015/02/17 19:42:23 zuul7: gotocol: 17.621us NameDrop karyon10
2015/02/17 19:42:23 : gotocol: 19.907us Hello karyon11
2015/02/17 19:42:23 eureka(backlog 2): gotocol: 16.026us Inform zuul1 karyon10
2015/02/17 19:42:23 eureka(backlog 1): gotocol: 15.519us Inform zuul4 karyon10
2015/02/17 19:42:23 eureka(backlog 0): gotocol: 15.023us Inform zuul7 karyon10
2015/02/17 19:42:23 karyon11: gotocol: 870ns Put zone zone2
2015/02/17 19:42:23 karyon11: gotocol: 10.678us Inform 
2015/02/17 19:42:23 eureka(backlog 0): gotocol: 5.362us Hello karyon11 karyon
2015/02/17 19:42:23 zuul2: gotocol: 10.484us NameDrop karyon11
2015/02/17 19:42:23 zuul5: gotocol: 14.236us NameDrop karyon11
2015/02/17 19:42:23 zuul8: gotocol: 17.891us NameDrop karyon11
2015/02/17 19:42:23 : gotocol: 26.504us Hello karyon12
2015/02/17 19:42:23 eureka(backlog 2): gotocol: 22.984us Inform zuul2 karyon11
2015/02/17 19:42:23 eureka(backlog 1): gotocol: 22.55us Inform zuul5 karyon11
2015/02/17 19:42:23 eureka(backlog 0): gotocol: 21.967us Inform zuul8 karyon11
2015/02/17 19:42:23 karyon12: gotocol: 864ns Put zone zone0
2015/02/17 19:42:23 karyon12: gotocol: 6.204us Inform 
2015/02/17 19:42:23 eureka(backlog 0): gotocol: 5.009us Hello karyon12 karyon
2015/02/17 19:42:23 zuul0: gotocol: 10.14us NameDrop karyon12
2015/02/17 19:42:23 zuul3: gotocol: 13.837us NameDrop karyon12
2015/02/17 19:42:23 zuul6: gotocol: 17.548us NameDrop karyon12
2015/02/17 19:42:23 : gotocol: 24.339us Hello karyon13
2015/02/17 19:42:23 eureka(backlog 2): gotocol: 21.144us Inform zuul0 karyon12
2015/02/17 19:42:23 eureka(backlog 1): gotocol: 20.692us Inform zuul3 karyon12
2015/02/17 19:42:23 eureka(backlog 0): gotocol: 16.114us Inform zuul6 karyon12
2015/02/17 19:42:23 karyon13: gotocol: 866ns Put zone zone1
2015/02/17 19:42:23 karyon13: gotocol: 6.287us Inform 
2015/02/17 19:42:23 eureka(backlog 0): gotocol: 5.138us Hello karyon13 karyon
2015/02/17 19:42:23 zuul1: gotocol: 10.324us NameDrop karyon13
2015/02/17 19:42:23 zuul4: gotocol: 14.064us NameDrop karyon13
2015/02/17 19:42:23 zuul7: gotocol: 17.686us NameDrop karyon13
2015/02/17 19:42:23 : gotocol: 19.801us Hello karyon14
2015/02/17 19:42:23 eureka(backlog 2): gotocol: 15.935us Inform zuul1 karyon13
2015/02/17 19:42:23 eureka(backlog 1): gotocol: 15.522us Inform zuul4 karyon13
2015/02/17 19:42:23 eureka(backlog 0): gotocol: 15.063us Inform zuul7 karyon13
2015/02/17 19:42:23 karyon14: gotocol: 819ns Put zone zone2
2015/02/17 19:42:23 karyon14: gotocol: 6.089us Inform 
2015/02/17 19:42:23 eureka(backlog 0): gotocol: 5.314us Hello karyon14 karyon
2015/02/17 19:42:23 zuul2: gotocol: 10.556us NameDrop karyon14
2015/02/17 19:42:23 zuul5: gotocol: 14.199us NameDrop karyon14
2015/02/17 19:42:23 zuul8: gotocol: 17.883us NameDrop karyon14
2015/02/17 19:42:23 : gotocol: 19.846us Hello karyon15
2015/02/17 19:42:23 eureka(backlog 2): gotocol: 15.825us Inform zuul2 karyon14
2015/02/17 19:42:23 eureka(backlog 1): gotocol: 15.427us Inform zuul5 karyon14
2015/02/17 19:42:23 eureka(backlog 0): gotocol: 14.855us Inform zuul8 karyon14
2015/02/17 19:42:23 karyon15: gotocol: 847ns Put zone zone0
2015/02/17 19:42:23 karyon15: gotocol: 6.04us Inform 
2015/02/17 19:42:23 eureka(backlog 0): gotocol: 5.089us Hello karyon15 karyon
2015/02/17 19:42:23 zuul0: gotocol: 12.223us NameDrop karyon15
2015/02/17 19:42:23 zuul3: gotocol: 16.18us NameDrop karyon15
2015/02/17 19:42:23 zuul6: gotocol: 19.883us NameDrop karyon15
2015/02/17 19:42:23 : gotocol: 28.184us Hello karyon16
2015/02/17 19:42:23 eureka(backlog 2): gotocol: 22.012us Inform zuul0 karyon15
2015/02/17 19:42:23 eureka(backlog 1): gotocol: 21.521us Inform zuul3 karyon15
2015/02/17 19:42:23 eureka(backlog 0): gotocol: 15.042us Inform zuul6 karyon15
2015/02/17 19:42:23 karyon16: gotocol: 836ns Put zone zone1
2015/02/17 19:42:23 karyon16: gotocol: 6.091us Inform 
2015/02/17 19:42:23 eureka(backlog 0): gotocol: 4.97us Hello karyon16 karyon
2015/02/17 19:42:23 zuul1: gotocol: 11.084us NameDrop karyon16
2015/02/17 19:42:23 zuul4: gotocol: 14.985us NameDrop karyon16
2015/02/17 19:42:23 zuul7: gotocol: 18.675us NameDrop karyon16
2015/02/17 19:42:23 : gotocol: 20.938us Hello karyon17
2015/02/17 19:42:23 eureka(backlog 2): gotocol: 15.755us Inform zuul1 karyon16
2015/02/17 19:42:23 eureka(backlog 1): gotocol: 15.29us Inform zuul4 karyon16
2015/02/17 19:42:23 eureka(backlog 0): gotocol: 14.77us Inform zuul7 karyon16
2015/02/17 19:42:23 karyon17: gotocol: 852ns Put zone zone2
2015/02/17 19:42:23 karyon17: gotocol: 6.116us Inform 
2015/02/17 19:42:23 eureka(backlog 0): gotocol: 4.939us Hello karyon17 karyon
2015/02/17 19:42:23 zuul2: gotocol: 11.003us NameDrop karyon17
2015/02/17 19:42:23 zuul5: gotocol: 14.872us NameDrop karyon17
2015/02/17 19:42:23 zuul8: gotocol: 18.511us NameDrop karyon17
2015/02/17 19:42:23 : gotocol: 20.916us Hello karyon18
2015/02/17 19:42:23 eureka(backlog 2): gotocol: 15.986us Inform zuul2 karyon17
2015/02/17 19:42:23 eureka(backlog 1): gotocol: 15.541us Inform zuul5 karyon17
2015/02/17 19:42:23 eureka(backlog 0): gotocol: 15.142us Inform zuul8 karyon17
2015/02/17 19:42:23 karyon18: gotocol: 847ns Put zone zone0
2015/02/17 19:42:23 karyon18: gotocol: 6.21us Inform 
2015/02/17 19:42:23 eureka(backlog 0): gotocol: 9.097us Hello karyon18 karyon
2015/02/17 19:42:23 zuul0: gotocol: 14.646us NameDrop karyon18
2015/02/17 19:42:23 zuul3: gotocol: 18.397us NameDrop karyon18
2015/02/17 19:42:23 zuul6: gotocol: 22.118us NameDrop karyon18
2015/02/17 19:42:23 : gotocol: 24.581us Hello karyon19
2015/02/17 19:42:23 eureka(backlog 2): gotocol: 20.235us Inform zuul0 karyon18
2015/02/17 19:42:23 eureka(backlog 1): gotocol: 19.89us Inform zuul3 karyon18
2015/02/17 19:42:23 eureka(backlog 0): gotocol: 19.364us Inform zuul6 karyon18
2015/02/17 19:42:23 karyon19: gotocol: 960ns Put zone zone1
2015/02/17 19:42:23 karyon19: gotocol: 6.454us Inform 
2015/02/17 19:42:23 eureka(backlog 0): gotocol: 9.037us Hello karyon19 karyon
2015/02/17 19:42:23 zuul1: gotocol: 14.545us NameDrop karyon19
2015/02/17 19:42:23 zuul4: gotocol: 18.334us NameDrop karyon19
2015/02/17 19:42:23 zuul7: gotocol: 22.096us NameDrop karyon19
2015/02/17 19:42:23 : gotocol: 29.056us Hello karyon20
2015/02/17 19:42:23 eureka(backlog 2): gotocol: 25.196us Inform zuul1 karyon19
2015/02/17 19:42:23 eureka(backlog 1): gotocol: 24.717us Inform zuul4 karyon19
2015/02/17 19:42:23 eureka(backlog 0): gotocol: 24.106us Inform zuul7 karyon19
2015/02/17 19:42:23 karyon20: gotocol: 914ns Put zone zone2
2015/02/17 19:42:23 karyon20: gotocol: 6.239us Inform 
2015/02/17 19:42:23 eureka(backlog 0): gotocol: 5.221us Hello karyon20 karyon
2015/02/17 19:42:23 zuul2: gotocol: 10.433us NameDrop karyon20
2015/02/17 19:42:23 zuul5: gotocol: 14.241us NameDrop karyon20
2015/02/17 19:42:23 zuul8: gotocol: 17.928us NameDrop karyon20
2015/02/17 19:42:23 : gotocol: 20.155us Hello karyon21
2015/02/17 19:42:23 eureka(backlog 2): gotocol: 16.119us Inform zuul2 karyon20
2015/02/17 19:42:23 eureka(backlog 1): gotocol: 15.678us Inform zuul5 karyon20
2015/02/17 19:42:23 eureka(backlog 0): gotocol: 15.2us Inform zuul8 karyon20
2015/02/17 19:42:23 karyon21: gotocol: 837ns Put zone zone0
2015/02/17 19:42:23 karyon21: gotocol: 14.007us Inform 
2015/02/17 19:42:23 eureka(backlog 0): gotocol: 8.87us Hello karyon21 karyon
2015/02/17 19:42:23 zuul0: gotocol: 14.53us NameDrop karyon21
2015/02/17 19:42:23 zuul3: gotocol: 18.337us NameDrop karyon21
2015/02/17 19:42:23 zuul6: gotocol: 22.003us NameDrop karyon21
2015/02/17 19:42:23 : gotocol: 20.964us Hello karyon22
2015/02/17 19:42:23 eureka(backlog 2): gotocol: 14.331us Inform zuul0 karyon21
2015/02/17 19:42:23 eureka(backlog 1): gotocol: 13.703us Inform zuul3 karyon21
2015/02/17 19:42:23 eureka(backlog 0): gotocol: 13.262us Inform zuul6 karyon21
2015/02/17 19:42:23 karyon22: gotocol: 794ns Put zone zone1
2015/02/17 19:42:23 karyon22: gotocol: 5.903us Inform 
2015/02/17 19:42:23 eureka(backlog 0): gotocol: 5.257us Hello karyon22 karyon
2015/02/17 19:42:23 zuul1: gotocol: 10.361us NameDrop karyon22
2015/02/17 19:42:23 zuul4: gotocol: 14.125us NameDrop karyon22
2015/02/17 19:42:23 zuul7: gotocol: 17.763us NameDrop karyon22
2015/02/17 19:42:23 : gotocol: 19.88us Hello karyon23
2015/02/17 19:42:23 eureka(backlog 2): gotocol: 16.122us Inform zuul1 karyon22
2015/02/17 19:42:23 eureka(backlog 1): gotocol: 15.632us Inform zuul4 karyon22
2015/02/17 19:42:23 eureka(backlog 0): gotocol: 15.211us Inform zuul7 karyon22
2015/02/17 19:42:23 karyon23: gotocol: 840ns Put zone zone2
2015/02/17 19:42:23 karyon23: gotocol: 6.186us Inform 
2015/02/17 19:42:23 eureka(backlog 0): gotocol: 5.107us Hello karyon23 karyon
2015/02/17 19:42:23 zuul2: gotocol: 10.16us NameDrop karyon23
2015/02/17 19:42:23 zuul5: gotocol: 13.949us NameDrop karyon23
2015/02/17 19:42:23 zuul8: gotocol: 17.603us NameDrop karyon23
2015/02/17 19:42:23 : gotocol: 19.822us Hello karyon24
2015/02/17 19:42:23 eureka(backlog 2): gotocol: 21.549us Inform zuul2 karyon23
2015/02/17 19:42:23 eureka(backlog 1): gotocol: 21.065us Inform zuul5 karyon23
2015/02/17 19:42:23 eureka(backlog 0): gotocol: 20.538us Inform zuul8 karyon23
2015/02/17 19:42:23 karyon24: gotocol: 856ns Put zone zone0
2015/02/17 19:42:23 karyon24: gotocol: 6.176us Inform 
2015/02/17 19:42:23 eureka(backlog 0): gotocol: 4.94us Hello karyon24 karyon
2015/02/17 19:42:23 zuul0: gotocol: 10.096us NameDrop karyon24
2015/02/17 19:42:23 zuul3: gotocol: 13.801us NameDrop karyon24
2015/02/17 19:42:23 zuul6: gotocol: 17.444us NameDrop karyon24
2015/02/17 19:42:23 : gotocol: 19.696us Hello karyon25
2015/02/17 19:42:23 eureka(backlog 2): gotocol: 15.638us Inform zuul0 karyon24
2015/02/17 19:42:23 eureka(backlog 1): gotocol: 19.048us Inform zuul3 karyon24
2015/02/17 19:42:23 eureka(backlog 0): gotocol: 18.751us Inform zuul6 karyon24
2015/02/17 19:42:23 karyon25: gotocol: 931ns Put zone zone1
2015/02/17 19:42:23 karyon25: gotocol: 18.061us Inform 
2015/02/17 19:42:23 eureka(backlog 0): gotocol: 5.977us Hello karyon25 karyon
2015/02/17 19:42:23 zuul1: gotocol: 11.959us NameDrop karyon25
2015/02/17 19:42:23 zuul4: gotocol: 16.335us NameDrop karyon25
2015/02/17 19:42:23 zuul7: gotocol: 28.818us NameDrop karyon25
2015/02/17 19:42:23 : gotocol: 30.909us Hello karyon26
2015/02/17 19:42:23 eureka(backlog 2): gotocol: 25.436us Inform zuul1 karyon25
2015/02/17 19:42:23 eureka(backlog 1): gotocol: 15.874us Inform zuul4 karyon25
2015/02/17 19:42:23 eureka(backlog 0): gotocol: 15.332us Inform zuul7 karyon25
2015/02/17 19:42:23 karyon26: gotocol: 846ns Put zone zone2
2015/02/17 19:42:23 karyon26: gotocol: 6.246us Inform 
2015/02/17 19:42:23 eureka(backlog 0): gotocol: 5.296us Hello karyon26 karyon
2015/02/17 19:42:23 zuul2: gotocol: 10.783us NameDrop karyon26
2015/02/17 19:42:23 zuul5: gotocol: 14.544us NameDrop karyon26
2015/02/17 19:42:23 zuul8: gotocol: 18.152us NameDrop karyon26
2015/02/17 19:42:23 : gotocol: 427.109us Hello staash0
2015/02/17 19:42:23 eureka(backlog 2): gotocol: 509.187us Inform zuul2 karyon26
2015/02/17 19:42:23 eureka(backlog 1): gotocol: 510.51us Inform zuul5 karyon26
2015/02/17 19:42:23 eureka(backlog 0): gotocol: 510.414us Inform zuul8 karyon26
2015/02/17 19:42:23 staash0: gotocol: 1.276us Put zone zone0
2015/02/17 19:42:23 staash0: gotocol: 9.393us Inform 
2015/02/17 19:42:23 eureka(backlog 0): gotocol: 9.228us Hello staash0 staash
2015/02/17 19:42:23 karyon0: gotocol: 15.23us NameDrop staash0
2015/02/17 19:42:23 karyon3: gotocol: 19.547us NameDrop staash0
2015/02/17 19:42:23 karyon6: gotocol: 23.134us NameDrop staash0
2015/02/17 19:42:23 karyon9: gotocol: 26.605us NameDrop staash0
2015/02/17 19:42:23 karyon12: gotocol: 30.036us NameDrop staash0
2015/02/17 19:42:23 karyon15: gotocol: 33.527us NameDrop staash0
2015/02/17 19:42:23 karyon18: gotocol: 36.99us NameDrop staash0
2015/02/17 19:42:23 karyon21: gotocol: 40.54us NameDrop staash0
2015/02/17 19:42:23 karyon24: gotocol: 43.98us NameDrop staash0
2015/02/17 19:42:23 : gotocol: 46.217us Hello staash1
2015/02/17 19:42:23 eureka(backlog 8): gotocol: 40.952us Inform karyon0 staash0
2015/02/17 19:42:23 eureka(backlog 7): gotocol: 40.294us Inform karyon3 staash0
2015/02/17 19:42:23 eureka(backlog 6): gotocol: 39.82us Inform karyon6 staash0
2015/02/17 19:42:23 eureka(backlog 5): gotocol: 39.384us Inform karyon9 staash0
2015/02/17 19:42:23 eureka(backlog 4): gotocol: 38.992us Inform karyon12 staash0
2015/02/17 19:42:23 eureka(backlog 3): gotocol: 38.59us Inform karyon15 staash0
2015/02/17 19:42:23 eureka(backlog 2): gotocol: 38.185us Inform karyon18 staash0
2015/02/17 19:42:23 eureka(backlog 1): gotocol: 37.778us Inform karyon21 staash0
2015/02/17 19:42:23 eureka(backlog 0): gotocol: 37.516us Inform karyon24 staash0
2015/02/17 19:42:23 staash1: gotocol: 913ns Put zone zone1
2015/02/17 19:42:23 staash1: gotocol: 6.671us Inform 
2015/02/17 19:42:23 eureka(backlog 0): gotocol: 8.216us Hello staash1 staash
2015/02/17 19:42:23 karyon1: gotocol: 13.522us NameDrop staash1
2015/02/17 19:42:23 karyon4: gotocol: 17.279us NameDrop staash1
2015/02/17 19:42:23 karyon7: gotocol: 20.997us NameDrop staash1
2015/02/17 19:42:23 karyon10: gotocol: 24.446us NameDrop staash1
2015/02/17 19:42:23 karyon13: gotocol: 27.97us NameDrop staash1
2015/02/17 19:42:23 karyon16: gotocol: 31.373us NameDrop staash1
2015/02/17 19:42:23 karyon19: gotocol: 34.893us NameDrop staash1
2015/02/17 19:42:23 karyon22: gotocol: 38.385us NameDrop staash1
2015/02/17 19:42:23 karyon25: gotocol: 41.85us NameDrop staash1
2015/02/17 19:42:23 : gotocol: 44.093us Hello staash2
2015/02/17 19:42:23 eureka(backlog 8): gotocol: 39.877us Inform karyon1 staash1
2015/02/17 19:42:23 eureka(backlog 7): gotocol: 39.298us Inform karyon4 staash1
2015/02/17 19:42:23 eureka(backlog 6): gotocol: 38.902us Inform karyon7 staash1
2015/02/17 19:42:23 eureka(backlog 5): gotocol: 46.034us Inform karyon10 staash1
2015/02/17 19:42:23 eureka(backlog 4): gotocol: 46.041us Inform karyon13 staash1
2015/02/17 19:42:23 eureka(backlog 3): gotocol: 45.684us Inform karyon16 staash1
2015/02/17 19:42:23 eureka(backlog 2): gotocol: 45.205us Inform karyon19 staash1
2015/02/17 19:42:23 eureka(backlog 1): gotocol: 44.968us Inform karyon22 staash1
2015/02/17 19:42:23 eureka(backlog 0): gotocol: 44.606us Inform karyon25 staash1
2015/02/17 19:42:23 staash2: gotocol: 1.053us Put zone zone2
2015/02/17 19:42:23 staash2: gotocol: 6.86us Inform 
2015/02/17 19:42:23 eureka(backlog 0): gotocol: 7.943us Hello staash2 staash
2015/02/17 19:42:23 karyon2: gotocol: 13.483us NameDrop staash2
2015/02/17 19:42:23 karyon5: gotocol: 17.213us NameDrop staash2
2015/02/17 19:42:23 karyon8: gotocol: 20.733us NameDrop staash2
2015/02/17 19:42:23 karyon11: gotocol: 24.266us NameDrop staash2
2015/02/17 19:42:23 karyon14: gotocol: 27.771us NameDrop staash2
2015/02/17 19:42:23 karyon17: gotocol: 31.242us NameDrop staash2
2015/02/17 19:42:23 karyon20: gotocol: 34.693us NameDrop staash2
2015/02/17 19:42:23 karyon23: gotocol: 38.179us NameDrop staash2
2015/02/17 19:42:23 karyon26: gotocol: 41.623us NameDrop staash2
2015/02/17 19:42:23 : gotocol: 52.469us Hello staash3
2015/02/17 19:42:23 eureka(backlog 8): gotocol: 48.358us Inform karyon2 staash2
2015/02/17 19:42:23 eureka(backlog 7): gotocol: 47.926us Inform karyon5 staash2
2015/02/17 19:42:23 eureka(backlog 6): gotocol: 47.473us Inform karyon8 staash2
2015/02/17 19:42:23 eureka(backlog 5): gotocol: 47.11us Inform karyon11 staash2
2015/02/17 19:42:23 eureka(backlog 4): gotocol: 46.807us Inform karyon14 staash2
2015/02/17 19:42:23 eureka(backlog 3): gotocol: 46.485us Inform karyon17 staash2
2015/02/17 19:42:23 eureka(backlog 2): gotocol: 46.064us Inform karyon20 staash2
2015/02/17 19:42:23 eureka(backlog 1): gotocol: 45.739us Inform karyon23 staash2
2015/02/17 19:42:23 eureka(backlog 0): gotocol: 45.316us Inform karyon26 staash2
2015/02/17 19:42:23 staash3: gotocol: 960ns Put zone zone0
2015/02/17 19:42:23 staash3: gotocol: 6.46us Inform 
2015/02/17 19:42:23 eureka(backlog 0): gotocol: 7.676us Hello staash3 staash
2015/02/17 19:42:23 karyon0: gotocol: 13.068us NameDrop staash3
2015/02/17 19:42:23 karyon3: gotocol: 16.834us NameDrop staash3
2015/02/17 19:42:23 karyon6: gotocol: 20.359us NameDrop staash3
2015/02/17 19:42:23 karyon9: gotocol: 23.833us NameDrop staash3
2015/02/17 19:42:23 karyon12: gotocol: 27.265us NameDrop staash3
2015/02/17 19:42:23 karyon15: gotocol: 30.74us NameDrop staash3
2015/02/17 19:42:23 karyon18: gotocol: 34.275us NameDrop staash3
2015/02/17 19:42:23 karyon21: gotocol: 37.766us NameDrop staash3
2015/02/17 19:42:23 karyon24: gotocol: 41.642us NameDrop staash3
2015/02/17 19:42:23 : gotocol: 43.858us Hello staash4
2015/02/17 19:42:23 eureka(backlog 8): gotocol: 39.9us Inform karyon0 staash3
2015/02/17 19:42:23 eureka(backlog 7): gotocol: 39.415us Inform karyon3 staash3
2015/02/17 19:42:23 eureka(backlog 6): gotocol: 39.086us Inform karyon6 staash3
2015/02/17 19:42:23 eureka(backlog 5): gotocol: 38.792us Inform karyon9 staash3
2015/02/17 19:42:23 eureka(backlog 4): gotocol: 38.459us Inform karyon12 staash3
2015/02/17 19:42:23 eureka(backlog 3): gotocol: 38.083us Inform karyon15 staash3
2015/02/17 19:42:23 eureka(backlog 2): gotocol: 37.85us Inform karyon18 staash3
2015/02/17 19:42:23 eureka(backlog 1): gotocol: 37.319us Inform karyon21 staash3
2015/02/17 19:42:23 eureka(backlog 0): gotocol: 36.668us Inform karyon24 staash3
2015/02/17 19:42:23 staash4: gotocol: 908ns Put zone zone1
2015/02/17 19:42:23 staash4: gotocol: 6.35us Inform 
2015/02/17 19:42:23 eureka(backlog 0): gotocol: 7.435us Hello staash4 staash
2015/02/17 19:42:23 karyon1: gotocol: 12.603us NameDrop staash4
2015/02/17 19:42:23 karyon4: gotocol: 16.351us NameDrop staash4
2015/02/17 19:42:23 karyon7: gotocol: 19.914us NameDrop staash4
2015/02/17 19:42:23 karyon10: gotocol: 23.415us NameDrop staash4
2015/02/17 19:42:23 karyon13: gotocol: 31.7us NameDrop staash4
2015/02/17 19:42:23 karyon16: gotocol: 35.647us NameDrop staash4
2015/02/17 19:42:23 karyon19: gotocol: 39.068us NameDrop staash4
2015/02/17 19:42:23 karyon22: gotocol: 42.476us NameDrop staash4
2015/02/17 19:42:23 karyon25: gotocol: 45.896us NameDrop staash4
2015/02/17 19:42:23 : gotocol: 48.276us Hello staash5
2015/02/17 19:42:23 eureka(backlog 8): gotocol: 44.426us Inform karyon1 staash4
2015/02/17 19:42:23 eureka(backlog 7): gotocol: 43.985us Inform karyon4 staash4
2015/02/17 19:42:23 eureka(backlog 6): gotocol: 43.588us Inform karyon7 staash4
2015/02/17 19:42:23 eureka(backlog 5): gotocol: 38.738us Inform karyon10 staash4
2015/02/17 19:42:23 eureka(backlog 4): gotocol: 37.603us Inform karyon13 staash4
2015/02/17 19:42:23 eureka(backlog 3): gotocol: 37.274us Inform karyon16 staash4
2015/02/17 19:42:23 eureka(backlog 2): gotocol: 37.047us Inform karyon19 staash4
2015/02/17 19:42:23 eureka(backlog 1): gotocol: 36.644us Inform karyon22 staash4
2015/02/17 19:42:23 eureka(backlog 0): gotocol: 36.475us Inform karyon25 staash4
2015/02/17 19:42:23 staash5: gotocol: 893ns Put zone zone2
2015/02/17 19:42:23 staash5: gotocol: 6.448us Inform 
2015/02/17 19:42:23 eureka(backlog 0): gotocol: 8.008us Hello staash5 staash
2015/02/17 19:42:23 karyon2: gotocol: 13.359us NameDrop staash5
2015/02/17 19:42:23 karyon5: gotocol: 17.074us NameDrop staash5
2015/02/17 19:42:23 karyon8: gotocol: 20.616us NameDrop staash5
2015/02/17 19:42:23 karyon11: gotocol: 24.21us NameDrop staash5
2015/02/17 19:42:23 karyon14: gotocol: 27.692us NameDrop staash5
2015/02/17 19:42:23 karyon17: gotocol: 31.224us NameDrop staash5
2015/02/17 19:42:23 karyon20: gotocol: 34.6us NameDrop staash5
2015/02/17 19:42:23 karyon23: gotocol: 38.125us NameDrop staash5
2015/02/17 19:42:23 karyon26: gotocol: 41.61us NameDrop staash5
2015/02/17 19:42:23 : gotocol: 43.807us Hello priamCassandra0
2015/02/17 19:42:23 eureka(backlog 8): gotocol: 39.563us Inform karyon2 staash5
2015/02/17 19:42:23 eureka(backlog 7): gotocol: 39.155us Inform karyon5 staash5
2015/02/17 19:42:23 eureka(backlog 6): gotocol: 38.734us Inform karyon8 staash5
2015/02/17 19:42:23 eureka(backlog 5): gotocol: 38.362us Inform karyon11 staash5
2015/02/17 19:42:23 eureka(backlog 4): gotocol: 38.118us Inform karyon14 staash5
2015/02/17 19:42:23 eureka(backlog 3): gotocol: 37.719us Inform karyon17 staash5
2015/02/17 19:42:23 eureka(backlog 2): gotocol: 37.259us Inform karyon20 staash5
2015/02/17 19:42:23 eureka(backlog 1): gotocol: 36.893us Inform karyon23 staash5
2015/02/17 19:42:23 eureka(backlog 0): gotocol: 36.454us Inform karyon26 staash5
2015/02/17 19:42:23 priamCassandra0: gotocol: 998ns Put zone region0zone0
2015/02/17 19:42:23 priamCassandra0: gotocol: 7.181us Inform 
2015/02/17 19:42:23 eureka(backlog 0): gotocol: 9.861us Hello priamCassandra0 priamCassandra
2015/02/17 19:42:23 staash0: gotocol: 15.972us NameDrop priamCassandra0
2015/02/17 19:42:23 staash3: gotocol: 19.952us NameDrop priamCassandra0
2015/02/17 19:42:23 : gotocol: 17.645us Hello priamCassandra1
2015/02/17 19:42:23 eureka(backlog 1): gotocol: 12.374us Inform staash0 priamCassandra0
2015/02/17 19:42:23 eureka(backlog 0): gotocol: 11.935us Inform staash3 priamCassandra0
2015/02/17 19:42:23 priamCassandra1: gotocol: 948ns Put zone region0zone1
2015/02/17 19:42:23 priamCassandra1: gotocol: 6.697us Inform 
2015/02/17 19:42:23 eureka(backlog 0): gotocol: 4.98us Hello priamCassandra1 priamCassandra
2015/02/17 19:42:23 staash1: gotocol: 10.689us NameDrop priamCassandra1
2015/02/17 19:42:23 staash4: gotocol: 14.405us NameDrop priamCassandra1
2015/02/17 19:42:23 : gotocol: 16.51us Hello priamCassandra2
2015/02/17 19:42:23 eureka(backlog 1): gotocol: 11.929us Inform staash1 priamCassandra1
2015/02/17 19:42:23 eureka(backlog 0): gotocol: 11.549us Inform staash4 priamCassandra1
2015/02/17 19:42:23 priamCassandra2: gotocol: 912ns Put zone region0zone2
2015/02/17 19:42:23 priamCassandra2: gotocol: 6.476us Inform 
2015/02/17 19:42:23 eureka(backlog 0): gotocol: 4.612us Hello priamCassandra2 priamCassandra
2015/02/17 19:42:23 staash2: gotocol: 15.031us NameDrop priamCassandra2
2015/02/17 19:42:23 staash5: gotocol: 19.241us NameDrop priamCassandra2
2015/02/17 19:42:23 : gotocol: 21.989us Hello priamCassandra3
2015/02/17 19:42:23 eureka(backlog 1): gotocol: 12.452us Inform staash2 priamCassandra2
2015/02/17 19:42:23 eureka(backlog 0): gotocol: 11.65us Inform staash5 priamCassandra2
2015/02/17 19:42:23 priamCassandra3: gotocol: 944ns Put zone region0zone0
2015/02/17 19:42:23 priamCassandra3: gotocol: 6.553us Inform 
2015/02/17 19:42:23 eureka(backlog 0): gotocol: 4.783us Hello priamCassandra3 priamCassandra
2015/02/17 19:42:23 staash0: gotocol: 10.878us NameDrop priamCassandra3
2015/02/17 19:42:23 staash3: gotocol: 14.649us NameDrop priamCassandra3
2015/02/17 19:42:23 : gotocol: 16.879us Hello priamCassandra4
2015/02/17 19:42:23 eureka(backlog 1): gotocol: 12.105us Inform staash0 priamCassandra3
2015/02/17 19:42:23 eureka(backlog 0): gotocol: 11.758us Inform staash3 priamCassandra3
2015/02/17 19:42:23 priamCassandra4: gotocol: 905ns Put zone region0zone1
2015/02/17 19:42:23 priamCassandra4: gotocol: 6.44us Inform 
2015/02/17 19:42:23 eureka(backlog 0): gotocol: 9.439us Hello priamCassandra4 priamCassandra
2015/02/17 19:42:23 staash1: gotocol: 15.873us NameDrop priamCassandra4
2015/02/17 19:42:23 staash4: gotocol: 19.64us NameDrop priamCassandra4
2015/02/17 19:42:23 : gotocol: 17.446us Hello priamCassandra5
2015/02/17 19:42:23 eureka(backlog 1): gotocol: 10.007us Inform staash1 priamCassandra4
2015/02/17 19:42:23 eureka(backlog 0): gotocol: 9.49us Inform staash4 priamCassandra4
2015/02/17 19:42:23 priamCassandra5: gotocol: 832ns Put zone region0zone2
2015/02/17 19:42:23 priamCassandra5: gotocol: 6.173us Inform 
2015/02/17 19:42:23 eureka(backlog 0): gotocol: 4.724us Hello priamCassandra5 priamCassandra
2015/02/17 19:42:23 staash2: gotocol: 10.457us NameDrop priamCassandra5
2015/02/17 19:42:23 staash5: gotocol: 14.14us NameDrop priamCassandra5
2015/02/17 19:42:23 : gotocol: 50.624us Hello priamCassandra6
2015/02/17 19:42:23 eureka(backlog 1): gotocol: 46.647us Inform staash2 priamCassandra5
2015/02/17 19:42:23 eureka(backlog 0): gotocol: 46.413us Inform staash5 priamCassandra5
2015/02/17 19:42:23 priamCassandra6: gotocol: 898ns Put zone region0zone0
2015/02/17 19:42:23 priamCassandra6: gotocol: 6.621us Inform 
2015/02/17 19:42:23 eureka(backlog 0): gotocol: 4.698us Hello priamCassandra6 priamCassandra
2015/02/17 19:42:23 staash0: gotocol: 10.508us NameDrop priamCassandra6
2015/02/17 19:42:23 staash3: gotocol: 14.355us NameDrop priamCassandra6
2015/02/17 19:42:23 : gotocol: 16.509us Hello priamCassandra7
2015/02/17 19:42:23 eureka(backlog 1): gotocol: 11.522us Inform staash0 priamCassandra6
2015/02/17 19:42:23 eureka(backlog 0): gotocol: 11.153us Inform staash3 priamCassandra6
2015/02/17 19:42:23 priamCassandra7: gotocol: 876ns Put zone region0zone1
2015/02/17 19:42:23 priamCassandra7: gotocol: 6.338us Inform 
2015/02/17 19:42:23 eureka(backlog 0): gotocol: 4.319us Hello priamCassandra7 priamCassandra
2015/02/17 19:42:23 staash1: gotocol: 10.244us NameDrop priamCassandra7
2015/02/17 19:42:23 staash4: gotocol: 13.874us NameDrop priamCassandra7
2015/02/17 19:42:23 : gotocol: 16.372us Hello priamCassandra8
2015/02/17 19:42:23 eureka(backlog 1): gotocol: 11.558us Inform staash1 priamCassandra7
2015/02/17 19:42:23 eureka(backlog 0): gotocol: 11.591us Inform staash4 priamCassandra7
2015/02/17 19:42:23 priamCassandra8: gotocol: 898ns Put zone region0zone2
2015/02/17 19:42:23 priamCassandra8: gotocol: 6.554us Inform 
2015/02/17 19:42:23 eureka(backlog 0): gotocol: 4.567us Hello priamCassandra8 priamCassandra
2015/02/17 19:42:23 staash2: gotocol: 12.557us NameDrop priamCassandra8
2015/02/17 19:42:23 staash5: gotocol: 16.445us NameDrop priamCassandra8
2015/02/17 19:42:23 : gotocol: 28.182us Hello priamCassandra9
2015/02/17 19:42:23 eureka(backlog 1): gotocol: 21.806us Inform staash2 priamCassandra8
2015/02/17 19:42:23 eureka(backlog 0): gotocol: 21.433us Inform staash5 priamCassandra8
2015/02/17 19:42:23 priamCassandra9: gotocol: 951ns Put zone region0zone0
2015/02/17 19:42:23 priamCassandra9: gotocol: 11.723us Inform 
2015/02/17 19:42:23 eureka(backlog 0): gotocol: 5.634us Hello priamCassandra9 priamCassandra
2015/02/17 19:42:23 staash0: gotocol: 13.118us NameDrop priamCassandra9
2015/02/17 19:42:23 staash3: gotocol: 17.116us NameDrop priamCassandra9
2015/02/17 19:42:23 : gotocol: 18.749us Hello priamCassandra10
2015/02/17 19:42:23 eureka(backlog 1): gotocol: 11.862us Inform staash0 priamCassandra9
2015/02/17 19:42:23 eureka(backlog 0): gotocol: 11.408us Inform staash3 priamCassandra9
2015/02/17 19:42:23 priamCassandra10: gotocol: 905ns Put zone region0zone1
2015/02/17 19:42:23 priamCassandra10: gotocol: 6.482us Inform 
2015/02/17 19:42:23 eureka(backlog 0): gotocol: 4.67us Hello priamCassandra10 priamCassandra
2015/02/17 19:42:23 staash1: gotocol: 12.079us NameDrop priamCassandra10
2015/02/17 19:42:23 staash4: gotocol: 15.929us NameDrop priamCassandra10
2015/02/17 19:42:23 : gotocol: 18.113us Hello priamCassandra11
2015/02/17 19:42:23 eureka(backlog 1): gotocol: 11.82us Inform staash1 priamCassandra10
2015/02/17 19:42:23 eureka(backlog 0): gotocol: 11.367us Inform staash4 priamCassandra10
2015/02/17 19:42:23 priamCassandra11: gotocol: 859ns Put zone region0zone2
2015/02/17 19:42:23 priamCassandra11: gotocol: 6.446us Inform 
2015/02/17 19:42:23 eureka(backlog 0): gotocol: 3.451us Hello priamCassandra11 priamCassandra
2015/02/17 19:42:23 staash2: gotocol: 9.861us NameDrop priamCassandra11
2015/02/17 19:42:23 staash5: gotocol: 13.571us NameDrop priamCassandra11
2015/02/17 19:42:23 priamCassandra0: gotocol: 16.959us NameDrop priamCassandra1
2015/02/17 19:42:23 priamCassandra0: gotocol: 20.484us NameDrop priamCassandra2
2015/02/17 19:42:23 eureka(backlog 3): gotocol: 13.403us Inform staash2 priamCassandra11
2015/02/17 19:42:23 eureka(backlog 2): gotocol: 12.98us Inform staash5 priamCassandra11
2015/02/17 19:42:23 eureka(backlog 1): gotocol: 12.331us Inform priamCassandra0 priamCassandra1
2015/02/17 19:42:23 eureka(backlog 0): gotocol: 12.026us Inform priamCassandra0 priamCassandra2
2015/02/17 19:42:23 priamCassandra1: gotocol: 1.229us NameDrop priamCassandra2
2015/02/17 19:42:23 priamCassandra1: gotocol: 4.595us NameDrop priamCassandra3
2015/02/17 19:42:23 eureka(backlog 1): gotocol: 4.877us Inform priamCassandra1 priamCassandra2
2015/02/17 19:42:23 eureka(backlog 0): gotocol: 4.798us Inform priamCassandra1 priamCassandra3
2015/02/17 19:42:23 priamCassandra2: gotocol: 1.128us NameDrop priamCassandra3
2015/02/17 19:42:23 priamCassandra2: gotocol: 4.469us NameDrop priamCassandra4
2015/02/17 19:42:23 eureka(backlog 1): gotocol: 4.884us Inform priamCassandra2 priamCassandra3
2015/02/17 19:42:23 eureka(backlog 0): gotocol: 4.873us Inform priamCassandra2 priamCassandra4
2015/02/17 19:42:23 priamCassandra3: gotocol: 1.16us NameDrop priamCassandra4
2015/02/17 19:42:23 priamCassandra3: gotocol: 4.612us NameDrop priamCassandra5
2015/02/17 19:42:23 eureka(backlog 1): gotocol: 4.866us Inform priamCassandra3 priamCassandra4
2015/02/17 19:42:23 eureka(backlog 0): gotocol: 4.73us Inform priamCassandra3 priamCassandra5
2015/02/17 19:42:23 priamCassandra4: gotocol: 1.113us NameDrop priamCassandra5
2015/02/17 19:42:23 priamCassandra4: gotocol: 4.492us NameDrop priamCassandra6
2015/02/17 19:42:23 eureka(backlog 1): gotocol: 4.92us Inform priamCassandra4 priamCassandra5
2015/02/17 19:42:23 eureka(backlog 0): gotocol: 4.651us Inform priamCassandra4 priamCassandra6
2015/02/17 19:42:23 priamCassandra5: gotocol: 1.088us NameDrop priamCassandra6
2015/02/17 19:42:23 priamCassandra5: gotocol: 4.515us NameDrop priamCassandra7
2015/02/17 19:42:23 eureka(backlog 1): gotocol: 4.882us Inform priamCassandra5 priamCassandra6
2015/02/17 19:42:23 eureka(backlog 0): gotocol: 4.611us Inform priamCassandra5 priamCassandra7
2015/02/17 19:42:23 priamCassandra6: gotocol: 1.163us NameDrop priamCassandra7
2015/02/17 19:42:23 priamCassandra6: gotocol: 4.546us NameDrop priamCassandra8
2015/02/17 19:42:23 eureka(backlog 1): gotocol: 4.798us Inform priamCassandra6 priamCassandra7
2015/02/17 19:42:23 eureka(backlog 0): gotocol: 4.609us Inform priamCassandra6 priamCassandra8
2015/02/17 19:42:23 priamCassandra7: gotocol: 1.312us NameDrop priamCassandra8
2015/02/17 19:42:23 priamCassandra7: gotocol: 5.053us NameDrop priamCassandra9
2015/02/17 19:42:23 eureka(backlog 1): gotocol: 5.141us Inform priamCassandra7 priamCassandra8
2015/02/17 19:42:23 eureka(backlog 0): gotocol: 4.811us Inform priamCassandra7 priamCassandra9
2015/02/17 19:42:23 priamCassandra8: gotocol: 1.229us NameDrop priamCassandra9
2015/02/17 19:42:23 priamCassandra8: gotocol: 4.644us NameDrop priamCassandra10
2015/02/17 19:42:23 eureka(backlog 1): gotocol: 4.976us Inform priamCassandra8 priamCassandra9
2015/02/17 19:42:23 eureka(backlog 0): gotocol: 4.773us Inform priamCassandra8 priamCassandra10
2015/02/17 19:42:23 priamCassandra9: gotocol: 1.186us NameDrop priamCassandra10
2015/02/17 19:42:23 priamCassandra9: gotocol: 4.586us NameDrop priamCassandra11
2015/02/17 19:42:23 eureka(backlog 1): gotocol: 4.81us Inform priamCassandra9 priamCassandra10
2015/02/17 19:42:23 eureka(backlog 0): gotocol: 4.679us Inform priamCassandra9 priamCassandra11
2015/02/17 19:42:23 priamCassandra10: gotocol: 1.159us NameDrop priamCassandra11
2015/02/17 19:42:23 priamCassandra10: gotocol: 4.567us NameDrop priamCassandra0
2015/02/17 19:42:23 eureka(backlog 1): gotocol: 4.917us Inform priamCassandra10 priamCassandra11
2015/02/17 19:42:23 eureka(backlog 0): gotocol: 4.682us Inform priamCassandra10 priamCassandra0
2015/02/17 19:42:23 priamCassandra11: gotocol: 1.226us NameDrop priamCassandra0
2015/02/17 19:42:23 priamCassandra11: gotocol: 4.654us NameDrop priamCassandra1
2015/02/17 19:42:23 eureka(backlog 1): gotocol: 4.83us Inform priamCassandra11 priamCassandra0
2015/02/17 19:42:23 eureka(backlog 0): gotocol: 4.627us Inform priamCassandra11 priamCassandra1
2015/02/17 19:42:23 netflixoss: denominator activity rate  100ms
2015/02/17 19:42:23 global-api: gotocol: 4.501us Chat 100ms
2015/02/17 19:42:23 elb0: gotocol: 63.055us GetRequest global-api
2015/02/17 19:42:23 elb0: gotocol: 32.14us GetRequest global-api
2015/02/17 19:42:23 elb0: gotocol: 31.03us GetRequest global-api
2015/02/17 19:42:23 elb0: gotocol: 32.195us GetRequest global-api
2015/02/17 19:42:23 elb0: gotocol: 31.7us GetRequest global-api
2015/02/17 19:42:24 elb0: gotocol: 31.805us GetRequest global-api
2015/02/17 19:42:24 elb0: gotocol: 31.55us GetRequest global-api
2015/02/17 19:42:24 elb0: gotocol: 31.08us GetRequest global-api
2015/02/17 19:42:24 elb0: gotocol: 32.63us GetRequest global-api
2015/02/17 19:42:24 elb0: gotocol: 31.52us GetRequest global-api
2015/02/17 19:42:24 elb0: gotocol: 41.155us GetRequest global-api
2015/02/17 19:42:24 elb0: gotocol: 30.755us GetRequest global-api
2015/02/17 19:42:24 elb0: gotocol: 19.776us GetRequest global-api
2015/02/17 19:42:24 elb0: gotocol: 31.09us GetRequest global-api
2015/02/17 19:42:24 elb0: gotocol: 29.6us GetRequest global-api
2015/02/17 19:42:25 elb0: gotocol: 32.145us GetRequest global-api
2015/02/17 19:42:25 elb0: gotocol: 31.44us GetRequest global-api
2015/02/17 19:42:25 elb0: gotocol: 31.345us GetRequest global-api
2015/02/17 19:42:25 elb0: gotocol: 31.385us GetRequest global-api
2015/02/17 19:42:25 netflixoss: Shutdown
2015/02/17 19:42:25 karyon22: gotocol: 380.808us Goodbye shutdown
2015/02/17 19:42:25 karyon22: Going away, zone: zone1
2015/02/17 19:42:25 karyon23: gotocol: 402.346us Goodbye shutdown
2015/02/17 19:42:25 karyon23: Going away, zone: zone2
2015/02/17 19:42:25 priamCassandra0: gotocol: 387.239us Goodbye shutdown
2015/02/17 19:42:25 priamCassandra0: Going away, zone: region0zone0
2015/02/17 19:42:25 priamCassandra1: gotocol: 389.247us Goodbye shutdown
2015/02/17 19:42:25 priamCassandra1: Going away, zone: region0zone1
2015/02/17 19:42:25 priamCassandra11: gotocol: 393.869us Goodbye shutdown
2015/02/17 19:42:25 priamCassandra11: Going away, zone: region0zone2
2015/02/17 19:42:25 global-api: gotocol: 397.804us Goodbye shutdown
2015/02/17 19:42:25 global-api: Going away, chatting every 100ms
2015/02/17 19:42:25 karyon5: gotocol: 400.985us Goodbye shutdown
2015/02/17 19:42:25 karyon5: Going away, zone: zone2
2015/02/17 19:42:25 karyon10: gotocol: 402.595us Goodbye shutdown
2015/02/17 19:42:25 karyon10: Going away, zone: zone1
2015/02/17 19:42:25 karyon20: gotocol: 398.789us Goodbye shutdown
2015/02/17 19:42:25 karyon20: Going away, zone: zone2
2015/02/17 19:42:25 priamCassandra6: gotocol: 383.059us Goodbye shutdown
2015/02/17 19:42:25 priamCassandra6: Going away, zone: region0zone0
2015/02/17 19:42:25 elb0: gotocol: 391.988us Goodbye shutdown
2015/02/17 19:42:25 elb0: Going away, chatting every 0
2015/02/17 19:42:25 priamCassandra4: gotocol: 401.765us Goodbye shutdown
2015/02/17 19:42:25 priamCassandra4: Going away, zone: region0zone1
2015/02/17 19:42:25 karyon6: gotocol: 410.462us Goodbye shutdown
2015/02/17 19:42:25 karyon6: Going away, zone: zone0
2015/02/17 19:42:25 karyon26: gotocol: 419.091us Goodbye shutdown
2015/02/17 19:42:25 karyon26: Going away, zone: zone2
2015/02/17 19:42:25 staash3: gotocol: 427.618us Goodbye shutdown
2015/02/17 19:42:25 staash3: Going away, zone: zone0
2015/02/17 19:42:25 zuul1: gotocol: 437.202us Goodbye shutdown
2015/02/17 19:42:25 zuul1: Going away, zone: zone1
2015/02/17 19:42:25 zuul5: gotocol: 446.967us Goodbye shutdown
2015/02/17 19:42:25 zuul5: Going away, zone: zone2
2015/02/17 19:42:25 zuul0: gotocol: 456.222us Goodbye shutdown
2015/02/17 19:42:25 zuul0: Going away, zone: zone0
2015/02/17 19:42:25 priamCassandra5: gotocol: 464.937us Goodbye shutdown
2015/02/17 19:42:25 priamCassandra5: Going away, zone: region0zone2
2015/02/17 19:42:25 priamCassandra3: gotocol: 473.925us Goodbye shutdown
2015/02/17 19:42:25 priamCassandra3: Going away, zone: region0zone0
2015/02/17 19:42:25 karyon4: gotocol: 483.543us Goodbye shutdown
2015/02/17 19:42:25 karyon4: Going away, zone: zone1
2015/02/17 19:42:25 priamCassandra8: gotocol: 492.651us Goodbye shutdown
2015/02/17 19:42:25 priamCassandra8: Going away, zone: region0zone2
2015/02/17 19:42:25 zuul3: gotocol: 501.409us Goodbye shutdown
2015/02/17 19:42:25 zuul3: Going away, zone: zone0
2015/02/17 19:42:25 karyon0: gotocol: 510.659us Goodbye shutdown
2015/02/17 19:42:25 karyon0: Going away, zone: zone0
2015/02/17 19:42:25 karyon16: gotocol: 519.067us Goodbye shutdown
2015/02/17 19:42:25 karyon16: Going away, zone: zone1
2015/02/17 19:42:25 karyon24: gotocol: 522.391us Goodbye shutdown
2015/02/17 19:42:25 karyon24: Going away, zone: zone0
2015/02/17 19:42:25 zuul2: gotocol: 531.182us Goodbye shutdown
2015/02/17 19:42:25 zuul2: Going away, zone: zone2
2015/02/17 19:42:25 karyon7: gotocol: 540.346us Goodbye shutdown
2015/02/17 19:42:25 karyon7: Going away, zone: zone1
2015/02/17 19:42:25 karyon9: gotocol: 549.288us Goodbye shutdown
2015/02/17 19:42:25 karyon9: Going away, zone: zone0
2015/02/17 19:42:25 karyon19: gotocol: 558.063us Goodbye shutdown
2015/02/17 19:42:25 karyon19: Going away, zone: zone1
2015/02/17 19:42:25 staash1: gotocol: 566.939us Goodbye shutdown
2015/02/17 19:42:25 staash1: Going away, zone: zone1
2015/02/17 19:42:25 zuul4: gotocol: 575.952us Goodbye shutdown
2015/02/17 19:42:25 zuul4: Going away, zone: zone1
2015/02/17 19:42:25 zuul8: gotocol: 585.376us Goodbye shutdown
2015/02/17 19:42:25 zuul8: Going away, zone: zone2
2015/02/17 19:42:25 karyon21: gotocol: 594.373us Goodbye shutdown
2015/02/17 19:42:25 karyon21: Going away, zone: zone0
2015/02/17 19:42:25 priamCassandra7: gotocol: 603.358us Goodbye shutdown
2015/02/17 19:42:25 priamCassandra7: Going away, zone: region0zone1
2015/02/17 19:42:25 staash5: gotocol: 604.857us Goodbye shutdown
2015/02/17 19:42:25 staash5: Going away, zone: zone2
2015/02/17 19:42:25 priamCassandra2: gotocol: 613.691us Goodbye shutdown
2015/02/17 19:42:25 priamCassandra2: Going away, zone: region0zone2
2015/02/17 19:42:25 karyon2: gotocol: 623us Goodbye shutdown
2015/02/17 19:42:25 karyon2: Going away, zone: zone2
2015/02/17 19:42:25 karyon11: gotocol: 631.99us Goodbye shutdown
2015/02/17 19:42:25 karyon11: Going away, zone: zone2
2015/02/17 19:42:25 karyon3: gotocol: 640.776us Goodbye shutdown
2015/02/17 19:42:25 karyon3: Going away, zone: zone0
2015/02/17 19:42:25 karyon8: gotocol: 657.358us Goodbye shutdown
2015/02/17 19:42:25 karyon8: Going away, zone: zone2
2015/02/17 19:42:25 karyon12: gotocol: 660.574us Goodbye shutdown
2015/02/17 19:42:25 karyon12: Going away, zone: zone0
2015/02/17 19:42:25 karyon18: gotocol: 668.6us Goodbye shutdown
2015/02/17 19:42:25 karyon18: Going away, zone: zone0
2015/02/17 19:42:25 staash0: gotocol: 677.551us Goodbye shutdown
2015/02/17 19:42:25 staash0: Going away, zone: zone0
2015/02/17 19:42:25 staash4: gotocol: 686.611us Goodbye shutdown
2015/02/17 19:42:25 staash4: Going away, zone: zone1
2015/02/17 19:42:25 zuul7: gotocol: 695.662us Goodbye shutdown
2015/02/17 19:42:25 zuul7: Going away, zone: zone1
2015/02/17 19:42:25 karyon1: gotocol: 704.322us Goodbye shutdown
2015/02/17 19:42:25 karyon1: Going away, zone: zone1
2015/02/17 19:42:25 priamCassandra10: gotocol: 713.002us Goodbye shutdown
2015/02/17 19:42:25 priamCassandra10: Going away, zone: region0zone1
2015/02/17 19:42:25 priamCassandra9: gotocol: 733.743us Goodbye shutdown
2015/02/17 19:42:25 priamCassandra9: Going away, zone: region0zone0
2015/02/17 19:42:25 karyon15: gotocol: 742.627us Goodbye shutdown
2015/02/17 19:42:25 karyon15: Going away, zone: zone0
2015/02/17 19:42:25 karyon17: gotocol: 751.709us Goodbye shutdown
2015/02/17 19:42:25 karyon17: Going away, zone: zone2
2015/02/17 19:42:25 karyon14: gotocol: 760.461us Goodbye shutdown
2015/02/17 19:42:25 karyon14: Going away, zone: zone2
2015/02/17 19:42:25 karyon25: gotocol: 768.874us Goodbye shutdown
2015/02/17 19:42:25 karyon25: Going away, zone: zone1
2015/02/17 19:42:25 staash2: gotocol: 777.682us Goodbye shutdown
2015/02/17 19:42:25 staash2: Going away, zone: zone2
2015/02/17 19:42:25 zuul6: gotocol: 786.444us Goodbye shutdown
2015/02/17 19:42:25 zuul6: Going away, zone: zone0
2015/02/17 19:42:25 karyon13: gotocol: 798.165us Goodbye shutdown
2015/02/17 19:42:25 karyon13: Going away, zone: zone1
2015/02/17 19:42:25 eureka(backlog 0): gotocol: 811.432us Goodbye shutdown
2015/02/17 19:42:25 netflixoss: gotocol: 34.565056ms Goodbye karyon22
2015/02/17 19:42:25 netflixoss: netflixoss karyon22 shutdown, population: 55    
2015/02/17 19:42:25 netflixoss: gotocol: 34.577068ms Goodbye karyon23
2015/02/17 19:42:25 netflixoss: netflixoss karyon23 shutdown, population: 54    
2015/02/17 19:42:25 netflixoss: gotocol: 34.569907ms Goodbye priamCassandra0
2015/02/17 19:42:25 netflixoss: netflixoss priamCassandra0 shutdown, population: 53    
2015/02/17 19:42:25 netflixoss: gotocol: 34.563274ms Goodbye priamCassandra1
2015/02/17 19:42:25 netflixoss: netflixoss priamCassandra1 shutdown, population: 52    
2015/02/17 19:42:25 netflixoss: gotocol: 34.5571ms Goodbye priamCassandra11
2015/02/17 19:42:25 netflixoss: netflixoss priamCassandra11 shutdown, population: 51    
2015/02/17 19:42:25 netflixoss: gotocol: 34.549935ms Goodbye global-api
2015/02/17 19:42:25 netflixoss: netflixoss global-api shutdown, population: 50    
2015/02/17 19:42:25 netflixoss: gotocol: 34.520492ms Goodbye karyon5
2015/02/17 19:42:25 netflixoss: netflixoss karyon5 shutdown, population: 49    
2015/02/17 19:42:25 netflixoss: gotocol: 34.513512ms Goodbye karyon10
2015/02/17 19:42:25 netflixoss: netflixoss karyon10 shutdown, population: 48    
2015/02/17 19:42:25 netflixoss: gotocol: 34.507003ms Goodbye karyon20
2015/02/17 19:42:25 netflixoss: netflixoss karyon20 shutdown, population: 47    
2015/02/17 19:42:25 netflixoss: gotocol: 34.500339ms Goodbye priamCassandra6
2015/02/17 19:42:25 netflixoss: netflixoss priamCassandra6 shutdown, population: 46    
2015/02/17 19:42:25 netflixoss: gotocol: 34.497877ms Goodbye elb0
2015/02/17 19:42:25 netflixoss: netflixoss elb0 shutdown, population: 45    
2015/02/17 19:42:25 netflixoss: gotocol: 34.491681ms Goodbye priamCassandra4
2015/02/17 19:42:25 netflixoss: netflixoss priamCassandra4 shutdown, population: 44    
2015/02/17 19:42:25 netflixoss: gotocol: 34.48523ms Goodbye karyon6
2015/02/17 19:42:25 netflixoss: netflixoss karyon6 shutdown, population: 43    
2015/02/17 19:42:25 netflixoss: gotocol: 34.479039ms Goodbye karyon26
2015/02/17 19:42:25 netflixoss: netflixoss karyon26 shutdown, population: 42    
2015/02/17 19:42:25 netflixoss: gotocol: 34.487457ms Goodbye staash3
2015/02/17 19:42:25 netflixoss: netflixoss staash3 shutdown, population: 41    
2015/02/17 19:42:25 netflixoss: gotocol: 34.492018ms Goodbye zuul1
2015/02/17 19:42:25 netflixoss: netflixoss zuul1 shutdown, population: 40    
2015/02/17 19:42:25 netflixoss: gotocol: 34.484794ms Goodbye zuul5
2015/02/17 19:42:25 netflixoss: netflixoss zuul5 shutdown, population: 39    
2015/02/17 19:42:25 netflixoss: gotocol: 34.478513ms Goodbye zuul0
2015/02/17 19:42:25 netflixoss: netflixoss zuul0 shutdown, population: 38    
2015/02/17 19:42:25 netflixoss: gotocol: 34.471801ms Goodbye priamCassandra5
2015/02/17 19:42:25 netflixoss: netflixoss priamCassandra5 shutdown, population: 37    
2015/02/17 19:42:25 netflixoss: gotocol: 34.464863ms Goodbye priamCassandra3
2015/02/17 19:42:25 netflixoss: netflixoss priamCassandra3 shutdown, population: 36    
2015/02/17 19:42:25 netflixoss: gotocol: 34.458266ms Goodbye karyon4
2015/02/17 19:42:25 netflixoss: netflixoss karyon4 shutdown, population: 35    
2015/02/17 19:42:25 netflixoss: gotocol: 34.451735ms Goodbye priamCassandra8
2015/02/17 19:42:25 netflixoss: netflixoss priamCassandra8 shutdown, population: 34    
2015/02/17 19:42:25 netflixoss: gotocol: 34.444945ms Goodbye zuul3
2015/02/17 19:42:25 netflixoss: netflixoss zuul3 shutdown, population: 33    
2015/02/17 19:42:25 netflixoss: gotocol: 34.438803ms Goodbye karyon0
2015/02/17 19:42:25 netflixoss: netflixoss karyon0 shutdown, population: 32    
2015/02/17 19:42:25 netflixoss: gotocol: 34.43236ms Goodbye karyon16
2015/02/17 19:42:25 netflixoss: netflixoss karyon16 shutdown, population: 31    
2015/02/17 19:42:25 netflixoss: gotocol: 34.425963ms Goodbye karyon24
2015/02/17 19:42:25 netflixoss: netflixoss karyon24 shutdown, population: 30    
2015/02/17 19:42:25 netflixoss: gotocol: 34.419386ms Goodbye zuul2
2015/02/17 19:42:25 netflixoss: netflixoss zuul2 shutdown, population: 29    
2015/02/17 19:42:25 netflixoss: gotocol: 34.41321ms Goodbye karyon7
2015/02/17 19:42:25 netflixoss: netflixoss karyon7 shutdown, population: 28    
2015/02/17 19:42:25 netflixoss: gotocol: 34.406796ms Goodbye karyon9
2015/02/17 19:42:25 netflixoss: netflixoss karyon9 shutdown, population: 27    
2015/02/17 19:42:25 netflixoss: gotocol: 34.400551ms Goodbye karyon19
2015/02/17 19:42:25 netflixoss: netflixoss karyon19 shutdown, population: 26    
2015/02/17 19:42:25 netflixoss: gotocol: 34.393894ms Goodbye staash1
2015/02/17 19:42:25 netflixoss: netflixoss staash1 shutdown, population: 25    
2015/02/17 19:42:25 netflixoss: gotocol: 34.387155ms Goodbye zuul4
2015/02/17 19:42:25 netflixoss: netflixoss zuul4 shutdown, population: 24    
2015/02/17 19:42:25 netflixoss: gotocol: 34.380639ms Goodbye zuul8
2015/02/17 19:42:25 netflixoss: netflixoss zuul8 shutdown, population: 23    
2015/02/17 19:42:25 netflixoss: gotocol: 34.373954ms Goodbye karyon21
2015/02/17 19:42:25 netflixoss: netflixoss karyon21 shutdown, population: 22    
2015/02/17 19:42:25 netflixoss: gotocol: 34.367549ms Goodbye priamCassandra7
2015/02/17 19:42:25 netflixoss: netflixoss priamCassandra7 shutdown, population: 21    
2015/02/17 19:42:25 netflixoss: gotocol: 34.36109ms Goodbye staash5
2015/02/17 19:42:25 netflixoss: netflixoss staash5 shutdown, population: 20    
2015/02/17 19:42:25 netflixoss: gotocol: 34.354925ms Goodbye priamCassandra2
2015/02/17 19:42:25 netflixoss: netflixoss priamCassandra2 shutdown, population: 19    
2015/02/17 19:42:25 netflixoss: gotocol: 34.348378ms Goodbye karyon2
2015/02/17 19:42:25 netflixoss: netflixoss karyon2 shutdown, population: 18    
2015/02/17 19:42:25 netflixoss: gotocol: 34.342066ms Goodbye karyon11
2015/02/17 19:42:25 netflixoss: netflixoss karyon11 shutdown, population: 17    
2015/02/17 19:42:25 netflixoss: gotocol: 34.32831ms Goodbye karyon3
2015/02/17 19:42:25 netflixoss: netflixoss karyon3 shutdown, population: 16    
2015/02/17 19:42:25 netflixoss: gotocol: 34.321079ms Goodbye karyon8
2015/02/17 19:42:25 netflixoss: netflixoss karyon8 shutdown, population: 15    
2015/02/17 19:42:25 netflixoss: gotocol: 34.318829ms Goodbye karyon12
2015/02/17 19:42:25 netflixoss: netflixoss karyon12 shutdown, population: 14    
2015/02/17 19:42:25 netflixoss: gotocol: 34.312599ms Goodbye karyon18
2015/02/17 19:42:25 netflixoss: netflixoss karyon18 shutdown, population: 13    
2015/02/17 19:42:25 netflixoss: gotocol: 34.305466ms Goodbye staash0
2015/02/17 19:42:25 netflixoss: netflixoss staash0 shutdown, population: 12    
2015/02/17 19:42:25 netflixoss: gotocol: 34.298637ms Goodbye staash4
2015/02/17 19:42:25 netflixoss: netflixoss staash4 shutdown, population: 11    
2015/02/17 19:42:25 netflixoss: gotocol: 34.291779ms Goodbye zuul7
2015/02/17 19:42:25 netflixoss: netflixoss zuul7 shutdown, population: 10    
2015/02/17 19:42:25 netflixoss: gotocol: 34.285202ms Goodbye karyon1
2015/02/17 19:42:25 netflixoss: netflixoss karyon1 shutdown, population: 9    
2015/02/17 19:42:25 netflixoss: gotocol: 34.267106ms Goodbye priamCassandra10
2015/02/17 19:42:25 netflixoss: netflixoss priamCassandra10 shutdown, population: 8    
2015/02/17 19:42:25 netflixoss: gotocol: 34.260481ms Goodbye priamCassandra9
2015/02/17 19:42:25 netflixoss: netflixoss priamCassandra9 shutdown, population: 7    
2015/02/17 19:42:25 netflixoss: gotocol: 34.253738ms Goodbye karyon15
2015/02/17 19:42:25 netflixoss: netflixoss karyon15 shutdown, population: 6    
2015/02/17 19:42:25 netflixoss: gotocol: 34.247291ms Goodbye karyon17
2015/02/17 19:42:25 netflixoss: netflixoss karyon17 shutdown, population: 5    
2015/02/17 19:42:25 netflixoss: gotocol: 34.241187ms Goodbye karyon14
2015/02/17 19:42:25 netflixoss: netflixoss karyon14 shutdown, population: 4    
2015/02/17 19:42:25 netflixoss: gotocol: 34.234916ms Goodbye karyon25
2015/02/17 19:42:25 netflixoss: netflixoss karyon25 shutdown, population: 3    
2015/02/17 19:42:25 netflixoss: gotocol: 34.228672ms Goodbye staash2
2015/02/17 19:42:25 netflixoss: netflixoss staash2 shutdown, population: 2    
2015/02/17 19:42:25 netflixoss: gotocol: 34.222123ms Goodbye zuul6
2015/02/17 19:42:25 netflixoss: netflixoss zuul6 shutdown, population: 1    
2015/02/17 19:42:25 netflixoss: gotocol: 34.213018ms Goodbye karyon13
2015/02/17 19:42:25 netflixoss: netflixoss karyon13 shutdown, population: 0    
2015/02/17 19:42:25 map[eureka:250]
2015/02/17 19:42:25 map[eureka.latency.P90:39569 eureka.latency.P95:45421 eureka.latency.P99:509763 eureka.latency.P999:807343 eureka.latency.P50:14584 eureka.latency.P75:24069]
2015/02/17 19:42:25 eureka: closing
2015/02/17 19:42:25 netflixoss: Exit
2015/02/17 19:42:25 spigo: netflixoss complete
